05 Jul 2024 10:32:56,559 INFO com.sismics.util.jpa.EMF.getEntityManagerProperties(EMF.java:83) Configuring EntityManager from environment parameters 
05 Jul 2024 10:32:57,256 INFO com.sismics.util.jpa.DbOpenHelper.open(DbOpenHelper.java:57) Opening database and executing incremental updates 
05 Jul 2024 10:32:57,263 INFO com.sismics.util.jpa.DbOpenHelper.open(DbOpenHelper.java:83) Unable to get database version: Table T_CONFIG not found 
05 Jul 2024 10:32:57,264 INFO com.sismics.util.jpa.DbOpenHelper.open(DbOpenHelper.java:98) Executing initial schema creation script 
05 Jul 2024 10:32:57,275 INFO com.sismics.util.jpa.DbOpenHelper.executeAllScript(DbOpenHelper.java:142) Executing script: dbupdate-000-0.sql 
05 Jul 2024 10:32:57,350 INFO com.sismics.util.jpa.DbOpenHelper.open(DbOpenHelper.java:106) Found database version 0, new version is 27, executing database incremental update scripts 
05 Jul 2024 10:32:57,353 INFO com.sismics.util.jpa.DbOpenHelper.executeAllScript(DbOpenHelper.java:142) Executing script: dbupdate-001-0.sql 
05 Jul 2024 10:32:57,389 INFO com.sismics.util.jpa.DbOpenHelper.executeAllScript(DbOpenHelper.java:142) Executing script: dbupdate-002-0.sql 
05 Jul 2024 10:32:57,397 INFO com.sismics.util.jpa.DbOpenHelper.executeAllScript(DbOpenHelper.java:142) Executing script: dbupdate-003-0.sql 
05 Jul 2024 10:32:57,405 INFO com.sismics.util.jpa.DbOpenHelper.executeAllScript(DbOpenHelper.java:142) Executing script: dbupdate-004-0.sql 
05 Jul 2024 10:32:57,420 INFO com.sismics.util.jpa.DbOpenHelper.executeAllScript(DbOpenHelper.java:142) Executing script: dbupdate-005-0.sql 
05 Jul 2024 10:32:57,423 INFO com.sismics.util.jpa.DbOpenHelper.executeAllScript(DbOpenHelper.java:142) Executing script: dbupdate-006-0.sql 
05 Jul 2024 10:32:57,504 INFO com.sismics.util.jpa.DbOpenHelper.executeAllScript(DbOpenHelper.java:142) Executing script: dbupdate-007-0.sql 
05 Jul 2024 10:32:57,511 INFO com.sismics.util.jpa.DbOpenHelper.executeAllScript(DbOpenHelper.java:142) Executing script: dbupdate-008-0.sql 
05 Jul 2024 10:32:57,518 INFO com.sismics.util.jpa.DbOpenHelper.executeAllScript(DbOpenHelper.java:142) Executing script: dbupdate-009-0.sql 
05 Jul 2024 10:32:57,527 INFO com.sismics.util.jpa.DbOpenHelper.executeAllScript(DbOpenHelper.java:142) Executing script: dbupdate-010-0.sql 
05 Jul 2024 10:32:57,529 INFO com.sismics.util.jpa.DbOpenHelper.executeAllScript(DbOpenHelper.java:142) Executing script: dbupdate-011-0.sql 
05 Jul 2024 10:32:57,535 INFO com.sismics.util.jpa.DbOpenHelper.executeAllScript(DbOpenHelper.java:142) Executing script: dbupdate-012-0.sql 
05 Jul 2024 10:32:57,542 INFO com.sismics.util.jpa.DbOpenHelper.executeAllScript(DbOpenHelper.java:142) Executing script: dbupdate-013-0.sql 
05 Jul 2024 10:32:57,545 INFO com.sismics.util.jpa.DbOpenHelper.executeAllScript(DbOpenHelper.java:142) Executing script: dbupdate-014-0.sql 
05 Jul 2024 10:32:57,551 INFO com.sismics.util.jpa.DbOpenHelper.executeAllScript(DbOpenHelper.java:142) Executing script: dbupdate-015-0.sql 
05 Jul 2024 10:32:57,561 INFO com.sismics.util.jpa.DbOpenHelper.executeAllScript(DbOpenHelper.java:142) Executing script: dbupdate-016-0.sql 
05 Jul 2024 10:32:57,563 INFO com.sismics.util.jpa.DbOpenHelper.executeAllScript(DbOpenHelper.java:142) Executing script: dbupdate-017-0.sql 
05 Jul 2024 10:32:57,567 INFO com.sismics.util.jpa.DbOpenHelper.executeAllScript(DbOpenHelper.java:142) Executing script: dbupdate-018-0.sql 
05 Jul 2024 10:32:57,601 INFO com.sismics.util.jpa.DbOpenHelper.executeAllScript(DbOpenHelper.java:142) Executing script: dbupdate-019-0.sql 
05 Jul 2024 10:32:57,604 INFO com.sismics.util.jpa.DbOpenHelper.executeAllScript(DbOpenHelper.java:142) Executing script: dbupdate-020-0.sql 
05 Jul 2024 10:32:57,609 INFO com.sismics.util.jpa.DbOpenHelper.executeAllScript(DbOpenHelper.java:142) Executing script: dbupdate-021-0.sql 
05 Jul 2024 10:32:57,618 INFO com.sismics.util.jpa.DbOpenHelper.executeAllScript(DbOpenHelper.java:142) Executing script: dbupdate-022-0.sql 
05 Jul 2024 10:32:57,630 INFO com.sismics.util.jpa.DbOpenHelper.executeAllScript(DbOpenHelper.java:142) Executing script: dbupdate-023-0.sql 
05 Jul 2024 10:32:57,637 INFO com.sismics.util.jpa.DbOpenHelper.executeAllScript(DbOpenHelper.java:142) Executing script: dbupdate-024-0.sql 
05 Jul 2024 10:32:57,645 INFO com.sismics.util.jpa.DbOpenHelper.executeAllScript(DbOpenHelper.java:142) Executing script: dbupdate-025-0.sql 
05 Jul 2024 10:32:57,647 INFO com.sismics.util.jpa.DbOpenHelper.executeAllScript(DbOpenHelper.java:142) Executing script: dbupdate-026-0.sql 
05 Jul 2024 10:32:57,650 INFO com.sismics.util.jpa.DbOpenHelper.executeAllScript(DbOpenHelper.java:142) Executing script: dbupdate-027-0.sql 
05 Jul 2024 10:32:57,653 INFO com.sismics.util.jpa.DbOpenHelper.open(DbOpenHelper.java:108) Database upgrade complete 
05 Jul 2024 10:32:57,654 INFO com.sismics.util.jpa.EMF.getEntityManagerProperties(EMF.java:83) Configuring EntityManager from environment parameters 
05 Jul 2024 10:32:59,631 INFO com.sismics.util.ClasspathScanner.findClasses(ClasspathScanner.java:48) Found 1 classes for IndexingHandler 
05 Jul 2024 10:32:59,692 INFO com.sismics.docs.core.util.indexing.LuceneIndexingHandler.initLucene(LuceneIndexingHandler.java:118) Using file Lucene storage: /data/lucene 
05 Jul 2024 10:32:59,804 INFO com.sismics.docs.core.service.FileService.startUp(FileService.java:39) File service starting up 
05 Jul 2024 10:32:59,811 INFO com.sismics.docs.core.service.InboxService.startUp(InboxService.java:55) Inbox service starting up 
05 Jul 2024 10:34:05,634 INFO com.sismics.util.ClasspathScanner.findClasses(ClasspathScanner.java:48) Found 2 classes for AuthenticationHandler 
05 Jul 2024 10:35:58,633 INFO com.sismics.docs.core.util.FileUtil.startProcessingFile(FileUtil.java:221) Processing started for file: 2a33ddca-9c51-4776-a712-0158879178ff 
05 Jul 2024 10:35:58,641 INFO com.sismics.docs.core.listener.async.FileProcessingAsyncListener.on(FileProcessingAsyncListener.java:53) File created event: FileCreatedAsyncEvent{fileId=2a33ddca-9c51-4776-a712-0158879178ff, language=null} 
05 Jul 2024 10:35:58,770 INFO com.sismics.util.ClasspathScanner.findClasses(ClasspathScanner.java:48) Found 7 classes for FormatHandler 
05 Jul 2024 10:35:59,257 INFO com.sismics.docs.core.listener.async.FileProcessingAsyncListener.extractContent(FileProcessingAsyncListener.java:176) Start extracting content from: File{id=2a33ddca-9c51-4776-a712-0158879178ff, name=Contrat de Travail Model (1).pdf} 
05 Jul 2024 10:35:59,354 INFO com.sismics.docs.core.listener.async.FileProcessingAsyncListener.extractContent(FileProcessingAsyncListener.java:182) File content extracted in 97ms: 2a33ddca-9c51-4776-a712-0158879178ff 
05 Jul 2024 10:35:59,635 INFO com.sismics.docs.core.util.FileUtil.endProcessingFile(FileUtil.java:231) Processing ended for file: 2a33ddca-9c51-4776-a712-0158879178ff 
05 Jul 2024 10:36:44,755 INFO com.sismics.docs.core.listener.async.DocumentCreatedAsyncListener.on(DocumentCreatedAsyncListener.java:35) Document created event: DocumentCreatedAsyncEvent{documentId=06b31c82-3cb1-4fcb-ac0a-3cdd7f5a8cdc} 
05 Jul 2024 10:36:59,309 INFO com.sismics.docs.core.util.FileUtil.startProcessingFile(FileUtil.java:221) Processing started for file: 25809062-e470-46d4-a6e4-6617b96f2394 
05 Jul 2024 10:36:59,313 INFO com.sismics.docs.core.listener.async.FileProcessingAsyncListener.on(FileProcessingAsyncListener.java:53) File created event: FileCreatedAsyncEvent{fileId=25809062-e470-46d4-a6e4-6617b96f2394, language=fra} 
05 Jul 2024 10:36:59,314 INFO com.sismics.docs.core.listener.async.DocumentUpdatedAsyncListener.on(DocumentUpdatedAsyncListener.java:39) Document updated event: DocumentUpdatedAsyncEvent{documentId=06b31c82-3cb1-4fcb-ac0a-3cdd7f5a8cdc} 
05 Jul 2024 10:36:59,594 INFO com.sismics.docs.core.listener.async.FileProcessingAsyncListener.extractContent(FileProcessingAsyncListener.java:176) Start extracting content from: File{id=25809062-e470-46d4-a6e4-6617b96f2394, name=Contrat de Travail Model (1).pdf} 
05 Jul 2024 10:36:59,631 INFO com.sismics.docs.core.listener.async.FileProcessingAsyncListener.extractContent(FileProcessingAsyncListener.java:182) File content extracted in 38ms: 25809062-e470-46d4-a6e4-6617b96f2394 
05 Jul 2024 10:36:59,757 INFO com.sismics.docs.core.util.FileUtil.endProcessingFile(FileUtil.java:231) Processing ended for file: 25809062-e470-46d4-a6e4-6617b96f2394 
05 Jul 2024 10:37:30,702 INFO com.sismics.docs.core.service.InboxService.shutDown(InboxService.java:60) Inbox service shutting down 
05 Jul 2024 10:37:30,703 INFO com.sismics.docs.core.service.FileService.shutDown(FileService.java:44) File service shutting down 
05 Jul 2024 10:38:14,698 INFO com.sismics.util.jpa.EMF.getEntityManagerProperties(EMF.java:83) Configuring EntityManager from environment parameters 
05 Jul 2024 10:38:26,391 INFO com.sismics.util.jpa.DbOpenHelper.open(DbOpenHelper.java:57) Opening database and executing incremental updates 
05 Jul 2024 10:38:26,396 INFO com.sismics.util.jpa.DbOpenHelper.open(DbOpenHelper.java:83) Unable to get database version: Table T_CONFIG not found 
05 Jul 2024 10:38:26,397 INFO com.sismics.util.jpa.DbOpenHelper.open(DbOpenHelper.java:98) Executing initial schema creation script 
05 Jul 2024 10:38:26,403 INFO com.sismics.util.jpa.DbOpenHelper.executeAllScript(DbOpenHelper.java:142) Executing script: dbupdate-000-0.sql 
05 Jul 2024 10:38:26,713 INFO com.sismics.util.jpa.DbOpenHelper.open(DbOpenHelper.java:106) Found database version 0, new version is 27, executing database incremental update scripts 
05 Jul 2024 10:38:26,715 INFO com.sismics.util.jpa.DbOpenHelper.executeAllScript(DbOpenHelper.java:142) Executing script: dbupdate-001-0.sql 
05 Jul 2024 10:38:26,728 INFO com.sismics.util.jpa.DbOpenHelper.executeAllScript(DbOpenHelper.java:142) Executing script: dbupdate-002-0.sql 
05 Jul 2024 10:38:26,731 INFO com.sismics.util.jpa.DbOpenHelper.executeAllScript(DbOpenHelper.java:142) Executing script: dbupdate-003-0.sql 
05 Jul 2024 10:38:26,773 INFO com.sismics.util.jpa.DbOpenHelper.executeAllScript(DbOpenHelper.java:142) Executing script: dbupdate-004-0.sql 
05 Jul 2024 10:38:26,777 INFO com.sismics.util.jpa.DbOpenHelper.executeAllScript(DbOpenHelper.java:142) Executing script: dbupdate-005-0.sql 
05 Jul 2024 10:38:26,779 INFO com.sismics.util.jpa.DbOpenHelper.executeAllScript(DbOpenHelper.java:142) Executing script: dbupdate-006-0.sql 
05 Jul 2024 10:38:26,891 INFO com.sismics.util.jpa.DbOpenHelper.executeAllScript(DbOpenHelper.java:142) Executing script: dbupdate-007-0.sql 
05 Jul 2024 10:38:26,903 INFO com.sismics.util.jpa.DbOpenHelper.executeAllScript(DbOpenHelper.java:142) Executing script: dbupdate-008-0.sql 
05 Jul 2024 10:38:26,936 INFO com.sismics.util.jpa.DbOpenHelper.executeAllScript(DbOpenHelper.java:142) Executing script: dbupdate-009-0.sql 
05 Jul 2024 10:38:26,939 INFO com.sismics.util.jpa.DbOpenHelper.executeAllScript(DbOpenHelper.java:142) Executing script: dbupdate-010-0.sql 
05 Jul 2024 10:38:26,942 INFO com.sismics.util.jpa.DbOpenHelper.executeAllScript(DbOpenHelper.java:142) Executing script: dbupdate-011-0.sql 
05 Jul 2024 10:38:26,944 INFO com.sismics.util.jpa.DbOpenHelper.executeAllScript(DbOpenHelper.java:142) Executing script: dbupdate-012-0.sql 
05 Jul 2024 10:38:26,949 INFO com.sismics.util.jpa.DbOpenHelper.executeAllScript(DbOpenHelper.java:142) Executing script: dbupdate-013-0.sql 
05 Jul 2024 10:38:26,959 INFO com.sismics.util.jpa.DbOpenHelper.executeAllScript(DbOpenHelper.java:142) Executing script: dbupdate-014-0.sql 
05 Jul 2024 10:38:26,962 INFO com.sismics.util.jpa.DbOpenHelper.executeAllScript(DbOpenHelper.java:142) Executing script: dbupdate-015-0.sql 
05 Jul 2024 10:38:27,029 INFO com.sismics.util.jpa.DbOpenHelper.executeAllScript(DbOpenHelper.java:142) Executing script: dbupdate-016-0.sql 
05 Jul 2024 10:38:27,031 INFO com.sismics.util.jpa.DbOpenHelper.executeAllScript(DbOpenHelper.java:142) Executing script: dbupdate-017-0.sql 
05 Jul 2024 10:38:27,033 INFO com.sismics.util.jpa.DbOpenHelper.executeAllScript(DbOpenHelper.java:142) Executing script: dbupdate-018-0.sql 
05 Jul 2024 10:38:27,038 INFO com.sismics.util.jpa.DbOpenHelper.executeAllScript(DbOpenHelper.java:142) Executing script: dbupdate-019-0.sql 
05 Jul 2024 10:38:27,047 INFO com.sismics.util.jpa.DbOpenHelper.executeAllScript(DbOpenHelper.java:142) Executing script: dbupdate-020-0.sql 
05 Jul 2024 10:38:27,068 INFO com.sismics.util.jpa.DbOpenHelper.executeAllScript(DbOpenHelper.java:142) Executing script: dbupdate-021-0.sql 
05 Jul 2024 10:38:27,073 INFO com.sismics.util.jpa.DbOpenHelper.executeAllScript(DbOpenHelper.java:142) Executing script: dbupdate-022-0.sql 
05 Jul 2024 10:38:27,076 INFO com.sismics.util.jpa.DbOpenHelper.executeAllScript(DbOpenHelper.java:142) Executing script: dbupdate-023-0.sql 
05 Jul 2024 10:38:27,079 INFO com.sismics.util.jpa.DbOpenHelper.executeAllScript(DbOpenHelper.java:142) Executing script: dbupdate-024-0.sql 
05 Jul 2024 10:38:27,121 INFO com.sismics.util.jpa.DbOpenHelper.executeAllScript(DbOpenHelper.java:142) Executing script: dbupdate-025-0.sql 
05 Jul 2024 10:38:27,123 INFO com.sismics.util.jpa.DbOpenHelper.executeAllScript(DbOpenHelper.java:142) Executing script: dbupdate-026-0.sql 
05 Jul 2024 10:38:27,126 INFO com.sismics.util.jpa.DbOpenHelper.executeAllScript(DbOpenHelper.java:142) Executing script: dbupdate-027-0.sql 
05 Jul 2024 10:38:27,128 INFO com.sismics.util.jpa.DbOpenHelper.open(DbOpenHelper.java:108) Database upgrade complete 
05 Jul 2024 10:38:27,142 INFO com.sismics.util.jpa.EMF.getEntityManagerProperties(EMF.java:83) Configuring EntityManager from environment parameters 
05 Jul 2024 10:38:28,567 INFO com.sismics.util.ClasspathScanner.findClasses(ClasspathScanner.java:48) Found 1 classes for IndexingHandler 
05 Jul 2024 10:38:28,608 INFO com.sismics.docs.core.util.indexing.LuceneIndexingHandler.initLucene(LuceneIndexingHandler.java:118) Using file Lucene storage: /data/lucene 
05 Jul 2024 10:38:28,749 INFO com.sismics.docs.core.util.indexing.LuceneIndexingHandler.initLucene(LuceneIndexingHandler.java:130) Checking index health and version 
05 Jul 2024 10:38:28,870 INFO com.sismics.docs.core.service.FileService.startUp(FileService.java:39) File service starting up 
05 Jul 2024 10:38:28,878 INFO com.sismics.docs.core.service.InboxService.startUp(InboxService.java:55) Inbox service starting up 
05 Jul 2024 10:39:51,615 INFO com.sismics.util.ClasspathScanner.findClasses(ClasspathScanner.java:48) Found 2 classes for AuthenticationHandler 
05 Jul 2024 10:46:06,037 INFO com.sismics.docs.core.service.InboxService.shutDown(InboxService.java:60) Inbox service shutting down 
05 Jul 2024 10:46:06,038 INFO com.sismics.docs.core.service.FileService.shutDown(FileService.java:44) File service shutting down 
